[2026-06-06 14:31:13] Connection: [presence] User: u_a2d293c10e6ef6131928b891 IP Hash: eff8e7ca506627fe15dda5e0e512fcaad70b6d520f37cc76597fdb4f2d83a1a3
[2026-06-06 14:31:14] Connection: [presence] User: u_a2d293c10e6ef6131928b891 IP Hash: eff8e7ca506627fe15dda5e0e512fcaad70b6d520f37cc76597fdb4f2d83a1a3
[2026-06-06 14:31:15] Connection: [presence] User: u_a2d293c10e6ef6131928b891 IP Hash: eff8e7ca506627fe15dda5e0e512fcaad70b6d520f37cc76597fdb4f2d83a1a3
[2026-06-06 14:31:16] Connection: [presence] User: u_a2d293c10e6ef6131928b891 IP Hash: eff8e7ca506627fe15dda5e0e512fcaad70b6d520f37cc76597fdb4f2d83a1a3
[2026-06-06 14:31:17] Connection: [presence] User: u_a2d293c10e6ef6131928b891 IP Hash: eff8e7ca506627fe15dda5e0e512fcaad70b6d520f37cc76597fdb4f2d83a1a3
[2026-06-06 14:31:21] Connection: [queue] User: u_a2d293c10e6ef6131928b891 IP Hash: eff8e7ca506627fe15dda5e0e512fcaad70b6d520f37cc76597fdb4f2d83a1a3
[2026-06-06 14:31:31] Connection: [presence] User: u_e45ea4f8469ee25ede81d443 IP Hash: eff8e7ca506627fe15dda5e0e512fcaad70b6d520f37cc76597fdb4f2d83a1a3
[2026-06-06 14:31:32] Connection: [presence] User: u_e45ea4f8469ee25ede81d443 IP Hash: eff8e7ca506627fe15dda5e0e512fcaad70b6d520f37cc76597fdb4f2d83a1a3
[2026-06-06 14:31:33] Connection: [presence] User: u_e45ea4f8469ee25ede81d443 IP Hash: eff8e7ca506627fe15dda5e0e512fcaad70b6d520f37cc76597fdb4f2d83a1a3
[2026-06-06 14:31:35] Connection: [presence] User: u_e45ea4f8469ee25ede81d443 IP Hash: eff8e7ca506627fe15dda5e0e512fcaad70b6d520f37cc76597fdb4f2d83a1a3
[2026-06-06 14:31:37] Connection: [presence] User: u_e45ea4f8469ee25ede81d443 IP Hash: eff8e7ca506627fe15dda5e0e512fcaad70b6d520f37cc76597fdb4f2d83a1a3
[2026-06-06 14:31:46] Connection: [queue] User: u_a2d293c10e6ef6131928b891 IP Hash: eff8e7ca506627fe15dda5e0e512fcaad70b6d520f37cc76597fdb4f2d83a1a3
[2026-06-06 14:32:11] Connection: [queue] User: u_a2d293c10e6ef6131928b891 IP Hash: eff8e7ca506627fe15dda5e0e512fcaad70b6d520f37cc76597fdb4f2d83a1a3
[2026-06-06 14:32:14] Connection: [queue] User: u_e45ea4f8469ee25ede81d443 IP Hash: eff8e7ca506627fe15dda5e0e512fcaad70b6d520f37cc76597fdb4f2d83a1a3
[2026-06-06 14:32:15] Connection: [chat] User: u_e45ea4f8469ee25ede81d443 IP Hash: eff8e7ca506627fe15dda5e0e512fcaad70b6d520f37cc76597fdb4f2d83a1a3
[2026-06-06 14:32:16] Connection: [chat] User: u_a2d293c10e6ef6131928b891 IP Hash: eff8e7ca506627fe15dda5e0e512fcaad70b6d520f37cc76597fdb4f2d83a1a3
[2026-06-06 14:32:40] Connection: [chat] User: u_e45ea4f8469ee25ede81d443 IP Hash: eff8e7ca506627fe15dda5e0e512fcaad70b6d520f37cc76597fdb4f2d83a1a3
[2026-06-06 14:32:41] Connection: [presence] User: u_a2d293c10e6ef6131928b891 IP Hash: eff8e7ca506627fe15dda5e0e512fcaad70b6d520f37cc76597fdb4f2d83a1a3
[2026-06-06 14:32:41] Connection: [chat] User: u_a2d293c10e6ef6131928b891 IP Hash: eff8e7ca506627fe15dda5e0e512fcaad70b6d520f37cc76597fdb4f2d83a1a3
[2026-06-06 14:33:05] Connection: [presence] User: u_e45ea4f8469ee25ede81d443 IP Hash: eff8e7ca506627fe15dda5e0e512fcaad70b6d520f37cc76597fdb4f2d83a1a3
[2026-06-06 14:33:05] Connection: [chat] User: u_e45ea4f8469ee25ede81d443 IP Hash: eff8e7ca506627fe15dda5e0e512fcaad70b6d520f37cc76597fdb4f2d83a1a3
[2026-06-06 14:33:06] Connection: [presence] User: u_a2d293c10e6ef6131928b891 IP Hash: eff8e7ca506627fe15dda5e0e512fcaad70b6d520f37cc76597fdb4f2d83a1a3
[2026-06-06 14:33:06] Connection: [chat] User: u_a2d293c10e6ef6131928b891 IP Hash: eff8e7ca506627fe15dda5e0e512fcaad70b6d520f37cc76597fdb4f2d83a1a3
[2026-06-06 14:33:30] Connection: [chat] User: u_e45ea4f8469ee25ede81d443 IP Hash: eff8e7ca506627fe15dda5e0e512fcaad70b6d520f37cc76597fdb4f2d83a1a3
[2026-06-06 14:33:30] Connection: [presence] User: u_e45ea4f8469ee25ede81d443 IP Hash: eff8e7ca506627fe15dda5e0e512fcaad70b6d520f37cc76597fdb4f2d83a1a3
[2026-06-06 14:33:30] Connection: [presence] User: u_a2d293c10e6ef6131928b891 IP Hash: eff8e7ca506627fe15dda5e0e512fcaad70b6d520f37cc76597fdb4f2d83a1a3
[2026-06-06 14:33:43] Connection: [presence] User: u_c967b0d3d6079d9032d0fa97 IP Hash: eff8e7ca506627fe15dda5e0e512fcaad70b6d520f37cc76597fdb4f2d83a1a3
[2026-06-06 14:33:44] Connection: [presence] User: u_c967b0d3d6079d9032d0fa97 IP Hash: eff8e7ca506627fe15dda5e0e512fcaad70b6d520f37cc76597fdb4f2d83a1a3
[2026-06-06 14:33:45] Connection: [presence] User: u_c967b0d3d6079d9032d0fa97 IP Hash: eff8e7ca506627fe15dda5e0e512fcaad70b6d520f37cc76597fdb4f2d83a1a3
[2026-06-06 14:33:46] Connection: [presence] User: u_c967b0d3d6079d9032d0fa97 IP Hash: eff8e7ca506627fe15dda5e0e512fcaad70b6d520f37cc76597fdb4f2d83a1a3
[2026-06-06 14:33:47] Connection: [presence] User: u_c967b0d3d6079d9032d0fa97 IP Hash: eff8e7ca506627fe15dda5e0e512fcaad70b6d520f37cc76597fdb4f2d83a1a3
[2026-06-06 14:33:51] Connection: [presence] User: u_1a28ed90d4ee5e6416c2d2ce IP Hash: eff8e7ca506627fe15dda5e0e512fcaad70b6d520f37cc76597fdb4f2d83a1a3
[2026-06-06 14:33:52] Connection: [presence] User: u_1a28ed90d4ee5e6416c2d2ce IP Hash: eff8e7ca506627fe15dda5e0e512fcaad70b6d520f37cc76597fdb4f2d83a1a3
[2026-06-06 14:33:53] Connection: [queue] User: u_1a28ed90d4ee5e6416c2d2ce IP Hash: eff8e7ca506627fe15dda5e0e512fcaad70b6d520f37cc76597fdb4f2d83a1a3
[2026-06-06 14:33:56] Connection: [queue] User: u_c967b0d3d6079d9032d0fa97 IP Hash: eff8e7ca506627fe15dda5e0e512fcaad70b6d520f37cc76597fdb4f2d83a1a3
[2026-06-06 14:33:56] Connection: [presence] User: u_1a28ed90d4ee5e6416c2d2ce IP Hash: eff8e7ca506627fe15dda5e0e512fcaad70b6d520f37cc76597fdb4f2d83a1a3
[2026-06-06 14:33:57] Connection: [chat] User: u_c967b0d3d6079d9032d0fa97 IP Hash: eff8e7ca506627fe15dda5e0e512fcaad70b6d520f37cc76597fdb4f2d83a1a3
[2026-06-06 14:33:58] Connection: [presence] User: u_1a28ed90d4ee5e6416c2d2ce IP Hash: eff8e7ca506627fe15dda5e0e512fcaad70b6d520f37cc76597fdb4f2d83a1a3
[2026-06-06 14:33:58] Connection: [chat] User: u_1a28ed90d4ee5e6416c2d2ce IP Hash: eff8e7ca506627fe15dda5e0e512fcaad70b6d520f37cc76597fdb4f2d83a1a3
[2026-06-06 14:34:22] Connection: [chat] User: u_c967b0d3d6079d9032d0fa97 IP Hash: eff8e7ca506627fe15dda5e0e512fcaad70b6d520f37cc76597fdb4f2d83a1a3
[2026-06-06 14:34:23] Connection: [presence] User: u_1a28ed90d4ee5e6416c2d2ce IP Hash: eff8e7ca506627fe15dda5e0e512fcaad70b6d520f37cc76597fdb4f2d83a1a3
[2026-06-06 14:34:23] Connection: [chat] User: u_1a28ed90d4ee5e6416c2d2ce IP Hash: eff8e7ca506627fe15dda5e0e512fcaad70b6d520f37cc76597fdb4f2d83a1a3
[2026-06-06 14:34:48] Connection: [presence] User: u_c967b0d3d6079d9032d0fa97 IP Hash: eff8e7ca506627fe15dda5e0e512fcaad70b6d520f37cc76597fdb4f2d83a1a3
[2026-06-06 14:34:48] Connection: [chat] User: u_c967b0d3d6079d9032d0fa97 IP Hash: eff8e7ca506627fe15dda5e0e512fcaad70b6d520f37cc76597fdb4f2d83a1a3
[2026-06-06 14:34:48] Connection: [chat] User: u_1a28ed90d4ee5e6416c2d2ce IP Hash: eff8e7ca506627fe15dda5e0e512fcaad70b6d520f37cc76597fdb4f2d83a1a3
[2026-06-06 14:35:04] Connection: [presence] User: u_1a28ed90d4ee5e6416c2d2ce IP Hash: eff8e7ca506627fe15dda5e0e512fcaad70b6d520f37cc76597fdb4f2d83a1a3
[2026-06-06 14:35:04] Connection: [chat] User: u_c967b0d3d6079d9032d0fa97 IP Hash: eff8e7ca506627fe15dda5e0e512fcaad70b6d520f37cc76597fdb4f2d83a1a3
[2026-06-06 14:35:04] Connection: [presence] User: u_c967b0d3d6079d9032d0fa97 IP Hash: eff8e7ca506627fe15dda5e0e512fcaad70b6d520f37cc76597fdb4f2d83a1a3
[2026-06-06 15:28:06] Connection: [arena-presence] User: u_8481b91f239f55fd45806cf7 IP Hash: eff8e7ca506627fe15dda5e0e512fcaad70b6d520f37cc76597fdb4f2d83a1a3
[2026-06-06 15:28:33] Connection: [arena-presence] User: u_8481b91f239f55fd45806cf7 IP Hash: eff8e7ca506627fe15dda5e0e512fcaad70b6d520f37cc76597fdb4f2d83a1a3
[2026-06-06 15:28:58] Connection: [arena-presence] User: u_8481b91f239f55fd45806cf7 IP Hash: eff8e7ca506627fe15dda5e0e512fcaad70b6d520f37cc76597fdb4f2d83a1a3
[2026-06-06 15:29:23] Connection: [arena-presence] User: u_8481b91f239f55fd45806cf7 IP Hash: eff8e7ca506627fe15dda5e0e512fcaad70b6d520f37cc76597fdb4f2d83a1a3
[2026-06-06 15:29:48] Connection: [arena-presence] User: u_8481b91f239f55fd45806cf7 IP Hash: eff8e7ca506627fe15dda5e0e512fcaad70b6d520f37cc76597fdb4f2d83a1a3
[2026-06-06 15:30:13] Connection: [arena-presence] User: u_8481b91f239f55fd45806cf7 IP Hash: eff8e7ca506627fe15dda5e0e512fcaad70b6d520f37cc76597fdb4f2d83a1a3
[2026-06-06 15:30:39] Connection: [arena-presence] User: u_8481b91f239f55fd45806cf7 IP Hash: eff8e7ca506627fe15dda5e0e512fcaad70b6d520f37cc76597fdb4f2d83a1a3
[2026-06-06 15:31:04] Connection: [arena-presence] User: u_8481b91f239f55fd45806cf7 IP Hash: eff8e7ca506627fe15dda5e0e512fcaad70b6d520f37cc76597fdb4f2d83a1a3
[2026-06-06 15:31:29] Connection: [arena-presence] User: u_8481b91f239f55fd45806cf7 IP Hash: eff8e7ca506627fe15dda5e0e512fcaad70b6d520f37cc76597fdb4f2d83a1a3
[2026-06-06 15:31:54] Connection: [arena-presence] User: u_8481b91f239f55fd45806cf7 IP Hash: eff8e7ca506627fe15dda5e0e512fcaad70b6d520f37cc76597fdb4f2d83a1a3
[2026-06-06 15:32:19] Connection: [arena-presence] User: u_8481b91f239f55fd45806cf7 IP Hash: eff8e7ca506627fe15dda5e0e512fcaad70b6d520f37cc76597fdb4f2d83a1a3
[2026-06-06 15:32:44] Connection: [arena-presence] User: u_8481b91f239f55fd45806cf7 IP Hash: eff8e7ca506627fe15dda5e0e512fcaad70b6d520f37cc76597fdb4f2d83a1a3
[2026-06-06 15:33:09] Connection: [arena-presence] User: u_8481b91f239f55fd45806cf7 IP Hash: eff8e7ca506627fe15dda5e0e512fcaad70b6d520f37cc76597fdb4f2d83a1a3
[2026-06-06 15:33:34] Connection: [arena-presence] User: u_8481b91f239f55fd45806cf7 IP Hash: eff8e7ca506627fe15dda5e0e512fcaad70b6d520f37cc76597fdb4f2d83a1a3
[2026-06-06 15:33:59] Connection: [arena-presence] User: u_8481b91f239f55fd45806cf7 IP Hash: eff8e7ca506627fe15dda5e0e512fcaad70b6d520f37cc76597fdb4f2d83a1a3
[2026-06-06 15:34:24] Connection: [arena-presence] User: u_8481b91f239f55fd45806cf7 IP Hash: eff8e7ca506627fe15dda5e0e512fcaad70b6d520f37cc76597fdb4f2d83a1a3
[2026-06-06 15:34:49] Connection: [arena-presence] User: u_8481b91f239f55fd45806cf7 IP Hash: eff8e7ca506627fe15dda5e0e512fcaad70b6d520f37cc76597fdb4f2d83a1a3
[2026-06-06 15:35:14] Connection: [arena-presence] User: u_8481b91f239f55fd45806cf7 IP Hash: eff8e7ca506627fe15dda5e0e512fcaad70b6d520f37cc76597fdb4f2d83a1a3
[2026-06-06 15:35:39] Connection: [arena-presence] User: u_8481b91f239f55fd45806cf7 IP Hash: eff8e7ca506627fe15dda5e0e512fcaad70b6d520f37cc76597fdb4f2d83a1a3
[2026-06-06 15:36:05] Connection: [arena-presence] User: u_8481b91f239f55fd45806cf7 IP Hash: eff8e7ca506627fe15dda5e0e512fcaad70b6d520f37cc76597fdb4f2d83a1a3
[2026-06-06 15:36:30] Connection: [arena-presence] User: u_8481b91f239f55fd45806cf7 IP Hash: eff8e7ca506627fe15dda5e0e512fcaad70b6d520f37cc76597fdb4f2d83a1a3
[2026-06-06 15:36:31] Connection: [arena-presence] User: u_8481b91f239f55fd45806cf7 IP Hash: eff8e7ca506627fe15dda5e0e512fcaad70b6d520f37cc76597fdb4f2d83a1a3
[2026-06-06 15:36:56] Connection: [arena-presence] User: u_8481b91f239f55fd45806cf7 IP Hash: eff8e7ca506627fe15dda5e0e512fcaad70b6d520f37cc76597fdb4f2d83a1a3
[2026-06-06 15:37:21] Connection: [arena-presence] User: u_8481b91f239f55fd45806cf7 IP Hash: eff8e7ca506627fe15dda5e0e512fcaad70b6d520f37cc76597fdb4f2d83a1a3
[2026-06-06 15:37:46] Connection: [arena-presence] User: u_8481b91f239f55fd45806cf7 IP Hash: eff8e7ca506627fe15dda5e0e512fcaad70b6d520f37cc76597fdb4f2d83a1a3
[2026-06-06 15:38:11] Connection: [arena-presence] User: u_8481b91f239f55fd45806cf7 IP Hash: eff8e7ca506627fe15dda5e0e512fcaad70b6d520f37cc76597fdb4f2d83a1a3
[2026-06-06 15:38:36] Connection: [arena-presence] User: u_8481b91f239f55fd45806cf7 IP Hash: eff8e7ca506627fe15dda5e0e512fcaad70b6d520f37cc76597fdb4f2d83a1a3
[2026-06-06 15:39:01] Connection: [arena-presence] User: u_8481b91f239f55fd45806cf7 IP Hash: eff8e7ca506627fe15dda5e0e512fcaad70b6d520f37cc76597fdb4f2d83a1a3
[2026-06-06 15:39:26] Connection: [arena-presence] User: u_8481b91f239f55fd45806cf7 IP Hash: eff8e7ca506627fe15dda5e0e512fcaad70b6d520f37cc76597fdb4f2d83a1a3
[2026-06-06 15:39:51] Connection: [arena-presence] User: u_8481b91f239f55fd45806cf7 IP Hash: eff8e7ca506627fe15dda5e0e512fcaad70b6d520f37cc76597fdb4f2d83a1a3
[2026-06-06 15:40:16] Connection: [arena-presence] User: u_8481b91f239f55fd45806cf7 IP Hash: eff8e7ca506627fe15dda5e0e512fcaad70b6d520f37cc76597fdb4f2d83a1a3
[2026-06-06 15:40:41] Connection: [arena-presence] User: u_8481b91f239f55fd45806cf7 IP Hash: eff8e7ca506627fe15dda5e0e512fcaad70b6d520f37cc76597fdb4f2d83a1a3
[2026-06-06 15:41:06] Connection: [arena-presence] User: u_8481b91f239f55fd45806cf7 IP Hash: eff8e7ca506627fe15dda5e0e512fcaad70b6d520f37cc76597fdb4f2d83a1a3
[2026-06-06 15:41:31] Connection: [arena-presence] User: u_8481b91f239f55fd45806cf7 IP Hash: eff8e7ca506627fe15dda5e0e512fcaad70b6d520f37cc76597fdb4f2d83a1a3
[2026-06-06 15:41:56] Connection: [arena-presence] User: u_8481b91f239f55fd45806cf7 IP Hash: eff8e7ca506627fe15dda5e0e512fcaad70b6d520f37cc76597fdb4f2d83a1a3
[2026-06-06 15:42:22] Connection: [arena-presence] User: u_8481b91f239f55fd45806cf7 IP Hash: eff8e7ca506627fe15dda5e0e512fcaad70b6d520f37cc76597fdb4f2d83a1a3
[2026-06-06 15:42:47] Connection: [arena-presence] User: u_8481b91f239f55fd45806cf7 IP Hash: eff8e7ca506627fe15dda5e0e512fcaad70b6d520f37cc76597fdb4f2d83a1a3
[2026-06-06 15:43:12] Connection: [arena-presence] User: u_8481b91f239f55fd45806cf7 IP Hash: eff8e7ca506627fe15dda5e0e512fcaad70b6d520f37cc76597fdb4f2d83a1a3
[2026-06-06 15:43:37] Connection: [arena-presence] User: u_8481b91f239f55fd45806cf7 IP Hash: eff8e7ca506627fe15dda5e0e512fcaad70b6d520f37cc76597fdb4f2d83a1a3
[2026-06-06 15:44:02] Connection: [arena-presence] User: u_8481b91f239f55fd45806cf7 IP Hash: eff8e7ca506627fe15dda5e0e512fcaad70b6d520f37cc76597fdb4f2d83a1a3
[2026-06-06 15:44:27] Connection: [arena-presence] User: u_8481b91f239f55fd45806cf7 IP Hash: eff8e7ca506627fe15dda5e0e512fcaad70b6d520f37cc76597fdb4f2d83a1a3
[2026-06-06 15:47:33] Connection: [arena-presence] User: g_c32799ace12c739264bbdc3d IP Hash: eff8e7ca506627fe15dda5e0e512fcaad70b6d520f37cc76597fdb4f2d83a1a3
[2026-06-06 15:47:55] Connection: [arena-presence] User: g_70cc0970be6133141b889a50 IP Hash: eff8e7ca506627fe15dda5e0e512fcaad70b6d520f37cc76597fdb4f2d83a1a3
[2026-06-06 15:47:58] Connection: [arena-presence] User: g_c32799ace12c739264bbdc3d IP Hash: eff8e7ca506627fe15dda5e0e512fcaad70b6d520f37cc76597fdb4f2d83a1a3
[2026-06-06 15:48:20] Connection: [arena-presence] User: g_70cc0970be6133141b889a50 IP Hash: eff8e7ca506627fe15dda5e0e512fcaad70b6d520f37cc76597fdb4f2d83a1a3
[2026-06-06 15:48:23] Connection: [arena-presence] User: g_c32799ace12c739264bbdc3d IP Hash: eff8e7ca506627fe15dda5e0e512fcaad70b6d520f37cc76597fdb4f2d83a1a3
[2026-06-06 15:48:45] Connection: [chat] User: g_70cc0970be6133141b889a50 IP Hash: eff8e7ca506627fe15dda5e0e512fcaad70b6d520f37cc76597fdb4f2d83a1a3
[2026-06-06 15:48:45] Connection: [arena-presence] User: g_70cc0970be6133141b889a50 IP Hash: eff8e7ca506627fe15dda5e0e512fcaad70b6d520f37cc76597fdb4f2d83a1a3
[2026-06-06 15:48:48] Connection: [chat] User: g_c32799ace12c739264bbdc3d IP Hash: eff8e7ca506627fe15dda5e0e512fcaad70b6d520f37cc76597fdb4f2d83a1a3
[2026-06-06 15:48:48] Connection: [arena-presence] User: g_c32799ace12c739264bbdc3d IP Hash: eff8e7ca506627fe15dda5e0e512fcaad70b6d520f37cc76597fdb4f2d83a1a3
[2026-06-06 15:49:10] Connection: [chat] User: g_70cc0970be6133141b889a50 IP Hash: eff8e7ca506627fe15dda5e0e512fcaad70b6d520f37cc76597fdb4f2d83a1a3
[2026-06-06 15:49:10] Connection: [arena-presence] User: g_70cc0970be6133141b889a50 IP Hash: eff8e7ca506627fe15dda5e0e512fcaad70b6d520f37cc76597fdb4f2d83a1a3
[2026-06-06 15:49:13] Connection: [chat] User: g_c32799ace12c739264bbdc3d IP Hash: eff8e7ca506627fe15dda5e0e512fcaad70b6d520f37cc76597fdb4f2d83a1a3
[2026-06-06 15:49:13] Connection: [arena-presence] User: g_c32799ace12c739264bbdc3d IP Hash: eff8e7ca506627fe15dda5e0e512fcaad70b6d520f37cc76597fdb4f2d83a1a3
[2026-06-06 15:49:35] Connection: [chat] User: g_70cc0970be6133141b889a50 IP Hash: eff8e7ca506627fe15dda5e0e512fcaad70b6d520f37cc76597fdb4f2d83a1a3
[2026-06-06 15:49:35] Connection: [arena-presence] User: g_70cc0970be6133141b889a50 IP Hash: eff8e7ca506627fe15dda5e0e512fcaad70b6d520f37cc76597fdb4f2d83a1a3
[2026-06-06 15:49:38] Connection: [chat] User: g_c32799ace12c739264bbdc3d IP Hash: eff8e7ca506627fe15dda5e0e512fcaad70b6d520f37cc76597fdb4f2d83a1a3
[2026-06-06 15:49:38] Connection: [arena-presence] User: g_c32799ace12c739264bbdc3d IP Hash: eff8e7ca506627fe15dda5e0e512fcaad70b6d520f37cc76597fdb4f2d83a1a3
[2026-06-06 15:50:00] Connection: [chat] User: g_70cc0970be6133141b889a50 IP Hash: eff8e7ca506627fe15dda5e0e512fcaad70b6d520f37cc76597fdb4f2d83a1a3
[2026-06-06 15:50:01] Connection: [arena-presence] User: g_70cc0970be6133141b889a50 IP Hash: eff8e7ca506627fe15dda5e0e512fcaad70b6d520f37cc76597fdb4f2d83a1a3
[2026-06-06 15:50:03] Connection: [chat] User: g_c32799ace12c739264bbdc3d IP Hash: eff8e7ca506627fe15dda5e0e512fcaad70b6d520f37cc76597fdb4f2d83a1a3
[2026-06-06 15:50:04] Connection: [arena-presence] User: g_c32799ace12c739264bbdc3d IP Hash: eff8e7ca506627fe15dda5e0e512fcaad70b6d520f37cc76597fdb4f2d83a1a3
[2026-06-06 15:50:26] Connection: [chat] User: g_70cc0970be6133141b889a50 IP Hash: eff8e7ca506627fe15dda5e0e512fcaad70b6d520f37cc76597fdb4f2d83a1a3
[2026-06-06 15:50:26] Connection: [arena-presence] User: g_70cc0970be6133141b889a50 IP Hash: eff8e7ca506627fe15dda5e0e512fcaad70b6d520f37cc76597fdb4f2d83a1a3
[2026-06-06 15:50:29] Connection: [chat] User: g_c32799ace12c739264bbdc3d IP Hash: eff8e7ca506627fe15dda5e0e512fcaad70b6d520f37cc76597fdb4f2d83a1a3
[2026-06-06 15:50:29] Connection: [arena-presence] User: g_c32799ace12c739264bbdc3d IP Hash: eff8e7ca506627fe15dda5e0e512fcaad70b6d520f37cc76597fdb4f2d83a1a3
[2026-06-06 15:50:51] Connection: [chat] User: g_70cc0970be6133141b889a50 IP Hash: eff8e7ca506627fe15dda5e0e512fcaad70b6d520f37cc76597fdb4f2d83a1a3
[2026-06-06 15:50:51] Connection: [arena-presence] User: g_70cc0970be6133141b889a50 IP Hash: eff8e7ca506627fe15dda5e0e512fcaad70b6d520f37cc76597fdb4f2d83a1a3
[2026-06-06 15:50:54] Connection: [chat] User: g_c32799ace12c739264bbdc3d IP Hash: eff8e7ca506627fe15dda5e0e512fcaad70b6d520f37cc76597fdb4f2d83a1a3
[2026-06-06 15:50:54] Connection: [arena-presence] User: g_c32799ace12c739264bbdc3d IP Hash: eff8e7ca506627fe15dda5e0e512fcaad70b6d520f37cc76597fdb4f2d83a1a3
[2026-06-06 15:51:16] Connection: [chat] User: g_70cc0970be6133141b889a50 IP Hash: eff8e7ca506627fe15dda5e0e512fcaad70b6d520f37cc76597fdb4f2d83a1a3
[2026-06-06 15:51:16] Connection: [arena-presence] User: g_70cc0970be6133141b889a50 IP Hash: eff8e7ca506627fe15dda5e0e512fcaad70b6d520f37cc76597fdb4f2d83a1a3
[2026-06-06 15:51:19] Connection: [chat] User: g_c32799ace12c739264bbdc3d IP Hash: eff8e7ca506627fe15dda5e0e512fcaad70b6d520f37cc76597fdb4f2d83a1a3
[2026-06-06 15:51:19] Connection: [arena-presence] User: g_c32799ace12c739264bbdc3d IP Hash: eff8e7ca506627fe15dda5e0e512fcaad70b6d520f37cc76597fdb4f2d83a1a3
[2026-06-06 15:51:41] Connection: [chat] User: g_70cc0970be6133141b889a50 IP Hash: eff8e7ca506627fe15dda5e0e512fcaad70b6d520f37cc76597fdb4f2d83a1a3
[2026-06-06 15:51:41] Connection: [arena-presence] User: g_70cc0970be6133141b889a50 IP Hash: eff8e7ca506627fe15dda5e0e512fcaad70b6d520f37cc76597fdb4f2d83a1a3
[2026-06-06 15:51:44] Connection: [chat] User: g_c32799ace12c739264bbdc3d IP Hash: eff8e7ca506627fe15dda5e0e512fcaad70b6d520f37cc76597fdb4f2d83a1a3
[2026-06-06 15:51:44] Connection: [arena-presence] User: g_c32799ace12c739264bbdc3d IP Hash: eff8e7ca506627fe15dda5e0e512fcaad70b6d520f37cc76597fdb4f2d83a1a3
[2026-06-06 15:52:07] Connection: [chat] User: g_70cc0970be6133141b889a50 IP Hash: eff8e7ca506627fe15dda5e0e512fcaad70b6d520f37cc76597fdb4f2d83a1a3
[2026-06-06 15:52:07] Connection: [arena-presence] User: g_70cc0970be6133141b889a50 IP Hash: eff8e7ca506627fe15dda5e0e512fcaad70b6d520f37cc76597fdb4f2d83a1a3
[2026-06-06 15:52:09] Connection: [chat] User: g_c32799ace12c739264bbdc3d IP Hash: eff8e7ca506627fe15dda5e0e512fcaad70b6d520f37cc76597fdb4f2d83a1a3
[2026-06-06 15:52:09] Connection: [arena-presence] User: g_c32799ace12c739264bbdc3d IP Hash: eff8e7ca506627fe15dda5e0e512fcaad70b6d520f37cc76597fdb4f2d83a1a3
[2026-06-06 15:52:32] Connection: [chat] User: g_70cc0970be6133141b889a50 IP Hash: eff8e7ca506627fe15dda5e0e512fcaad70b6d520f37cc76597fdb4f2d83a1a3
[2026-06-06 15:52:32] Connection: [arena-presence] User: g_70cc0970be6133141b889a50 IP Hash: eff8e7ca506627fe15dda5e0e512fcaad70b6d520f37cc76597fdb4f2d83a1a3
[2026-06-06 15:52:34] Connection: [chat] User: g_c32799ace12c739264bbdc3d IP Hash: eff8e7ca506627fe15dda5e0e512fcaad70b6d520f37cc76597fdb4f2d83a1a3
[2026-06-06 15:52:34] Connection: [arena-presence] User: g_c32799ace12c739264bbdc3d IP Hash: eff8e7ca506627fe15dda5e0e512fcaad70b6d520f37cc76597fdb4f2d83a1a3
[2026-06-06 15:52:57] Connection: [chat] User: g_70cc0970be6133141b889a50 IP Hash: eff8e7ca506627fe15dda5e0e512fcaad70b6d520f37cc76597fdb4f2d83a1a3
[2026-06-06 15:52:57] Connection: [arena-presence] User: g_70cc0970be6133141b889a50 IP Hash: eff8e7ca506627fe15dda5e0e512fcaad70b6d520f37cc76597fdb4f2d83a1a3
[2026-06-06 15:52:59] Connection: [chat] User: g_c32799ace12c739264bbdc3d IP Hash: eff8e7ca506627fe15dda5e0e512fcaad70b6d520f37cc76597fdb4f2d83a1a3
[2026-06-06 15:52:59] Connection: [arena-presence] User: g_c32799ace12c739264bbdc3d IP Hash: eff8e7ca506627fe15dda5e0e512fcaad70b6d520f37cc76597fdb4f2d83a1a3
[2026-06-06 15:53:22] Connection: [chat] User: g_70cc0970be6133141b889a50 IP Hash: eff8e7ca506627fe15dda5e0e512fcaad70b6d520f37cc76597fdb4f2d83a1a3
[2026-06-06 15:53:22] Connection: [arena-presence] User: g_70cc0970be6133141b889a50 IP Hash: eff8e7ca506627fe15dda5e0e512fcaad70b6d520f37cc76597fdb4f2d83a1a3
[2026-06-06 15:53:24] Connection: [chat] User: g_c32799ace12c739264bbdc3d IP Hash: eff8e7ca506627fe15dda5e0e512fcaad70b6d520f37cc76597fdb4f2d83a1a3
[2026-06-06 15:53:25] Connection: [arena-presence] User: g_c32799ace12c739264bbdc3d IP Hash: eff8e7ca506627fe15dda5e0e512fcaad70b6d520f37cc76597fdb4f2d83a1a3
[2026-06-06 15:53:47] Connection: [chat] User: g_70cc0970be6133141b889a50 IP Hash: eff8e7ca506627fe15dda5e0e512fcaad70b6d520f37cc76597fdb4f2d83a1a3
[2026-06-06 15:53:47] Connection: [arena-presence] User: g_70cc0970be6133141b889a50 IP Hash: eff8e7ca506627fe15dda5e0e512fcaad70b6d520f37cc76597fdb4f2d83a1a3
[2026-06-06 15:53:50] Connection: [chat] User: g_c32799ace12c739264bbdc3d IP Hash: eff8e7ca506627fe15dda5e0e512fcaad70b6d520f37cc76597fdb4f2d83a1a3
[2026-06-06 15:53:50] Connection: [arena-presence] User: g_c32799ace12c739264bbdc3d IP Hash: eff8e7ca506627fe15dda5e0e512fcaad70b6d520f37cc76597fdb4f2d83a1a3
[2026-06-06 15:54:12] Connection: [chat] User: g_70cc0970be6133141b889a50 IP Hash: eff8e7ca506627fe15dda5e0e512fcaad70b6d520f37cc76597fdb4f2d83a1a3
[2026-06-06 15:54:12] Connection: [arena-presence] User: g_70cc0970be6133141b889a50 IP Hash: eff8e7ca506627fe15dda5e0e512fcaad70b6d520f37cc76597fdb4f2d83a1a3
[2026-06-06 15:54:15] Connection: [chat] User: g_c32799ace12c739264bbdc3d IP Hash: eff8e7ca506627fe15dda5e0e512fcaad70b6d520f37cc76597fdb4f2d83a1a3
[2026-06-06 15:54:15] Connection: [arena-presence] User: g_c32799ace12c739264bbdc3d IP Hash: eff8e7ca506627fe15dda5e0e512fcaad70b6d520f37cc76597fdb4f2d83a1a3
[2026-06-06 15:54:37] Connection: [chat] User: g_70cc0970be6133141b889a50 IP Hash: eff8e7ca506627fe15dda5e0e512fcaad70b6d520f37cc76597fdb4f2d83a1a3
[2026-06-06 15:54:37] Connection: [arena-presence] User: g_70cc0970be6133141b889a50 IP Hash: eff8e7ca506627fe15dda5e0e512fcaad70b6d520f37cc76597fdb4f2d83a1a3
[2026-06-06 15:54:40] Connection: [chat] User: g_c32799ace12c739264bbdc3d IP Hash: eff8e7ca506627fe15dda5e0e512fcaad70b6d520f37cc76597fdb4f2d83a1a3
[2026-06-06 15:54:40] Connection: [arena-presence] User: g_c32799ace12c739264bbdc3d IP Hash: eff8e7ca506627fe15dda5e0e512fcaad70b6d520f37cc76597fdb4f2d83a1a3
[2026-06-06 15:55:02] Connection: [chat] User: g_70cc0970be6133141b889a50 IP Hash: eff8e7ca506627fe15dda5e0e512fcaad70b6d520f37cc76597fdb4f2d83a1a3
[2026-06-06 15:55:02] Connection: [arena-presence] User: g_70cc0970be6133141b889a50 IP Hash: eff8e7ca506627fe15dda5e0e512fcaad70b6d520f37cc76597fdb4f2d83a1a3
[2026-06-06 15:55:05] Connection: [chat] User: g_c32799ace12c739264bbdc3d IP Hash: eff8e7ca506627fe15dda5e0e512fcaad70b6d520f37cc76597fdb4f2d83a1a3
[2026-06-06 15:55:05] Connection: [arena-presence] User: g_c32799ace12c739264bbdc3d IP Hash: eff8e7ca506627fe15dda5e0e512fcaad70b6d520f37cc76597fdb4f2d83a1a3
[2026-06-06 15:55:27] Connection: [chat] User: g_70cc0970be6133141b889a50 IP Hash: eff8e7ca506627fe15dda5e0e512fcaad70b6d520f37cc76597fdb4f2d83a1a3
[2026-06-06 15:55:27] Connection: [arena-presence] User: g_70cc0970be6133141b889a50 IP Hash: eff8e7ca506627fe15dda5e0e512fcaad70b6d520f37cc76597fdb4f2d83a1a3
[2026-06-06 15:55:30] Connection: [chat] User: g_c32799ace12c739264bbdc3d IP Hash: eff8e7ca506627fe15dda5e0e512fcaad70b6d520f37cc76597fdb4f2d83a1a3
[2026-06-06 15:55:30] Connection: [arena-presence] User: g_c32799ace12c739264bbdc3d IP Hash: eff8e7ca506627fe15dda5e0e512fcaad70b6d520f37cc76597fdb4f2d83a1a3
[2026-06-06 15:55:52] Connection: [chat] User: g_70cc0970be6133141b889a50 IP Hash: eff8e7ca506627fe15dda5e0e512fcaad70b6d520f37cc76597fdb4f2d83a1a3
[2026-06-06 15:55:52] Connection: [arena-presence] User: g_70cc0970be6133141b889a50 IP Hash: eff8e7ca506627fe15dda5e0e512fcaad70b6d520f37cc76597fdb4f2d83a1a3
[2026-06-06 15:55:55] Connection: [chat] User: g_c32799ace12c739264bbdc3d IP Hash: eff8e7ca506627fe15dda5e0e512fcaad70b6d520f37cc76597fdb4f2d83a1a3
[2026-06-06 15:55:55] Connection: [arena-presence] User: g_c32799ace12c739264bbdc3d IP Hash: eff8e7ca506627fe15dda5e0e512fcaad70b6d520f37cc76597fdb4f2d83a1a3
[2026-06-06 15:56:17] Connection: [chat] User: g_70cc0970be6133141b889a50 IP Hash: eff8e7ca506627fe15dda5e0e512fcaad70b6d520f37cc76597fdb4f2d83a1a3
[2026-06-06 15:56:17] Connection: [arena-presence] User: g_70cc0970be6133141b889a50 IP Hash: eff8e7ca506627fe15dda5e0e512fcaad70b6d520f37cc76597fdb4f2d83a1a3
[2026-06-06 15:56:20] Connection: [chat] User: g_c32799ace12c739264bbdc3d IP Hash: eff8e7ca506627fe15dda5e0e512fcaad70b6d520f37cc76597fdb4f2d83a1a3
[2026-06-06 15:56:20] Connection: [arena-presence] User: g_c32799ace12c739264bbdc3d IP Hash: eff8e7ca506627fe15dda5e0e512fcaad70b6d520f37cc76597fdb4f2d83a1a3
[2026-06-06 15:56:42] Connection: [chat] User: g_70cc0970be6133141b889a50 IP Hash: eff8e7ca506627fe15dda5e0e512fcaad70b6d520f37cc76597fdb4f2d83a1a3
[2026-06-06 15:56:42] Connection: [arena-presence] User: g_70cc0970be6133141b889a50 IP Hash: eff8e7ca506627fe15dda5e0e512fcaad70b6d520f37cc76597fdb4f2d83a1a3
[2026-06-06 15:56:45] Connection: [chat] User: g_c32799ace12c739264bbdc3d IP Hash: eff8e7ca506627fe15dda5e0e512fcaad70b6d520f37cc76597fdb4f2d83a1a3
[2026-06-06 15:56:45] Connection: [arena-presence] User: g_c32799ace12c739264bbdc3d IP Hash: eff8e7ca506627fe15dda5e0e512fcaad70b6d520f37cc76597fdb4f2d83a1a3
[2026-06-06 15:57:07] Connection: [chat] User: g_70cc0970be6133141b889a50 IP Hash: eff8e7ca506627fe15dda5e0e512fcaad70b6d520f37cc76597fdb4f2d83a1a3
[2026-06-06 15:57:07] Connection: [arena-presence] User: g_70cc0970be6133141b889a50 IP Hash: eff8e7ca506627fe15dda5e0e512fcaad70b6d520f37cc76597fdb4f2d83a1a3
[2026-06-06 15:57:10] Connection: [chat] User: g_c32799ace12c739264bbdc3d IP Hash: eff8e7ca506627fe15dda5e0e512fcaad70b6d520f37cc76597fdb4f2d83a1a3
[2026-06-06 15:57:10] Connection: [arena-presence] User: g_c32799ace12c739264bbdc3d IP Hash: eff8e7ca506627fe15dda5e0e512fcaad70b6d520f37cc76597fdb4f2d83a1a3
[2026-06-06 15:57:32] Connection: [chat] User: g_70cc0970be6133141b889a50 IP Hash: eff8e7ca506627fe15dda5e0e512fcaad70b6d520f37cc76597fdb4f2d83a1a3
[2026-06-06 15:57:32] Connection: [arena-presence] User: g_70cc0970be6133141b889a50 IP Hash: eff8e7ca506627fe15dda5e0e512fcaad70b6d520f37cc76597fdb4f2d83a1a3
[2026-06-06 15:57:36] Connection: [chat] User: g_c32799ace12c739264bbdc3d IP Hash: eff8e7ca506627fe15dda5e0e512fcaad70b6d520f37cc76597fdb4f2d83a1a3
[2026-06-06 15:57:36] Connection: [arena-presence] User: g_c32799ace12c739264bbdc3d IP Hash: eff8e7ca506627fe15dda5e0e512fcaad70b6d520f37cc76597fdb4f2d83a1a3
[2026-06-06 15:57:57] Connection: [chat] User: g_70cc0970be6133141b889a50 IP Hash: eff8e7ca506627fe15dda5e0e512fcaad70b6d520f37cc76597fdb4f2d83a1a3
[2026-06-06 15:57:57] Connection: [arena-presence] User: g_70cc0970be6133141b889a50 IP Hash: eff8e7ca506627fe15dda5e0e512fcaad70b6d520f37cc76597fdb4f2d83a1a3
[2026-06-06 15:58:01] Connection: [chat] User: g_c32799ace12c739264bbdc3d IP Hash: eff8e7ca506627fe15dda5e0e512fcaad70b6d520f37cc76597fdb4f2d83a1a3
[2026-06-06 15:58:01] Connection: [arena-presence] User: g_c32799ace12c739264bbdc3d IP Hash: eff8e7ca506627fe15dda5e0e512fcaad70b6d520f37cc76597fdb4f2d83a1a3
[2026-06-06 15:58:22] Connection: [chat] User: g_70cc0970be6133141b889a50 IP Hash: eff8e7ca506627fe15dda5e0e512fcaad70b6d520f37cc76597fdb4f2d83a1a3
[2026-06-06 15:58:22] Connection: [arena-presence] User: g_70cc0970be6133141b889a50 IP Hash: eff8e7ca506627fe15dda5e0e512fcaad70b6d520f37cc76597fdb4f2d83a1a3
[2026-06-06 15:58:26] Connection: [chat] User: g_c32799ace12c739264bbdc3d IP Hash: eff8e7ca506627fe15dda5e0e512fcaad70b6d520f37cc76597fdb4f2d83a1a3
[2026-06-06 15:58:26] Connection: [arena-presence] User: g_c32799ace12c739264bbdc3d IP Hash: eff8e7ca506627fe15dda5e0e512fcaad70b6d520f37cc76597fdb4f2d83a1a3
[2026-06-06 15:58:47] Connection: [chat] User: g_70cc0970be6133141b889a50 IP Hash: eff8e7ca506627fe15dda5e0e512fcaad70b6d520f37cc76597fdb4f2d83a1a3
[2026-06-06 15:58:47] Connection: [arena-presence] User: g_70cc0970be6133141b889a50 IP Hash: eff8e7ca506627fe15dda5e0e512fcaad70b6d520f37cc76597fdb4f2d83a1a3
[2026-06-06 15:58:51] Connection: [chat] User: g_c32799ace12c739264bbdc3d IP Hash: eff8e7ca506627fe15dda5e0e512fcaad70b6d520f37cc76597fdb4f2d83a1a3
[2026-06-06 15:58:51] Connection: [arena-presence] User: g_c32799ace12c739264bbdc3d IP Hash: eff8e7ca506627fe15dda5e0e512fcaad70b6d520f37cc76597fdb4f2d83a1a3
[2026-06-06 15:59:09] Connection: [chat] User: g_70cc0970be6133141b889a50 IP Hash: eff8e7ca506627fe15dda5e0e512fcaad70b6d520f37cc76597fdb4f2d83a1a3
[2026-06-06 15:59:16] Connection: [chat] User: g_c32799ace12c739264bbdc3d IP Hash: eff8e7ca506627fe15dda5e0e512fcaad70b6d520f37cc76597fdb4f2d83a1a3
[2026-06-06 16:03:58] Connection: [arena-presence] User: g_c32799ace12c739264bbdc3d IP Hash: eff8e7ca506627fe15dda5e0e512fcaad70b6d520f37cc76597fdb4f2d83a1a3
[2026-06-06 16:04:30] Connection: [arena-presence] User: g_2ed0d25473f214ddc92895d5 IP Hash: eff8e7ca506627fe15dda5e0e512fcaad70b6d520f37cc76597fdb4f2d83a1a3
[2026-06-06 16:04:55] Connection: [arena-presence] User: g_2ed0d25473f214ddc92895d5 IP Hash: eff8e7ca506627fe15dda5e0e512fcaad70b6d520f37cc76597fdb4f2d83a1a3
[2026-06-06 16:05:04] Connection: [arena-presence] User: g_07bd19178e4b44f2ce9a3293 IP Hash: eff8e7ca506627fe15dda5e0e512fcaad70b6d520f37cc76597fdb4f2d83a1a3
[2026-06-06 16:05:20] Connection: [arena-presence] User: g_2ed0d25473f214ddc92895d5 IP Hash: eff8e7ca506627fe15dda5e0e512fcaad70b6d520f37cc76597fdb4f2d83a1a3
[2026-06-06 16:05:29] Connection: [arena-presence] User: g_07bd19178e4b44f2ce9a3293 IP Hash: eff8e7ca506627fe15dda5e0e512fcaad70b6d520f37cc76597fdb4f2d83a1a3
[2026-06-06 16:05:45] Connection: [arena-presence] User: g_2ed0d25473f214ddc92895d5 IP Hash: eff8e7ca506627fe15dda5e0e512fcaad70b6d520f37cc76597fdb4f2d83a1a3
[2026-06-06 16:05:54] Connection: [chat] User: g_07bd19178e4b44f2ce9a3293 IP Hash: eff8e7ca506627fe15dda5e0e512fcaad70b6d520f37cc76597fdb4f2d83a1a3
[2026-06-06 16:05:54] Connection: [arena-presence] User: g_07bd19178e4b44f2ce9a3293 IP Hash: eff8e7ca506627fe15dda5e0e512fcaad70b6d520f37cc76597fdb4f2d83a1a3
[2026-06-06 16:06:11] Connection: [arena-presence] User: g_2ed0d25473f214ddc92895d5 IP Hash: eff8e7ca506627fe15dda5e0e512fcaad70b6d520f37cc76597fdb4f2d83a1a3
[2026-06-06 16:06:11] Connection: [chat] User: g_2ed0d25473f214ddc92895d5 IP Hash: eff8e7ca506627fe15dda5e0e512fcaad70b6d520f37cc76597fdb4f2d83a1a3
[2026-06-06 16:06:11] Connection: [arena-presence] User: g_2ed0d25473f214ddc92895d5 IP Hash: eff8e7ca506627fe15dda5e0e512fcaad70b6d520f37cc76597fdb4f2d83a1a3
[2026-06-06 16:06:19] Connection: [queue] User: g_07bd19178e4b44f2ce9a3293 IP Hash: eff8e7ca506627fe15dda5e0e512fcaad70b6d520f37cc76597fdb4f2d83a1a3
[2026-06-06 16:06:36] Connection: [arena-presence] User: g_2ed0d25473f214ddc92895d5 IP Hash: eff8e7ca506627fe15dda5e0e512fcaad70b6d520f37cc76597fdb4f2d83a1a3
[2026-06-06 16:06:44] Connection: [chat] User: g_07bd19178e4b44f2ce9a3293 IP Hash: eff8e7ca506627fe15dda5e0e512fcaad70b6d520f37cc76597fdb4f2d83a1a3
[2026-06-06 16:06:44] Connection: [arena-presence] User: g_07bd19178e4b44f2ce9a3293 IP Hash: eff8e7ca506627fe15dda5e0e512fcaad70b6d520f37cc76597fdb4f2d83a1a3
[2026-06-06 16:06:44] Connection: [queue] User: g_07bd19178e4b44f2ce9a3293 IP Hash: eff8e7ca506627fe15dda5e0e512fcaad70b6d520f37cc76597fdb4f2d83a1a3
[2026-06-06 16:06:44] Connection: [arena-presence] User: g_07bd19178e4b44f2ce9a3293 IP Hash: eff8e7ca506627fe15dda5e0e512fcaad70b6d520f37cc76597fdb4f2d83a1a3
[2026-06-06 16:07:01] Connection: [chat] User: g_2ed0d25473f214ddc92895d5 IP Hash: eff8e7ca506627fe15dda5e0e512fcaad70b6d520f37cc76597fdb4f2d83a1a3
[2026-06-06 16:07:01] Connection: [arena-presence] User: g_2ed0d25473f214ddc92895d5 IP Hash: eff8e7ca506627fe15dda5e0e512fcaad70b6d520f37cc76597fdb4f2d83a1a3
[2026-06-06 16:07:01] Connection: [chat] User: g_2ed0d25473f214ddc92895d5 IP Hash: eff8e7ca506627fe15dda5e0e512fcaad70b6d520f37cc76597fdb4f2d83a1a3
[2026-06-06 16:07:01] Connection: [arena-presence] User: g_2ed0d25473f214ddc92895d5 IP Hash: eff8e7ca506627fe15dda5e0e512fcaad70b6d520f37cc76597fdb4f2d83a1a3
[2026-06-06 16:07:09] Connection: [arena-presence] User: g_07bd19178e4b44f2ce9a3293 IP Hash: eff8e7ca506627fe15dda5e0e512fcaad70b6d520f37cc76597fdb4f2d83a1a3
[2026-06-06 16:07:26] Connection: [arena-presence] User: g_2ed0d25473f214ddc92895d5 IP Hash: eff8e7ca506627fe15dda5e0e512fcaad70b6d520f37cc76597fdb4f2d83a1a3
[2026-06-06 16:07:51] Connection: [chat] User: g_2ed0d25473f214ddc92895d5 IP Hash: eff8e7ca506627fe15dda5e0e512fcaad70b6d520f37cc76597fdb4f2d83a1a3
[2026-06-06 16:07:51] Connection: [arena-presence] User: g_2ed0d25473f214ddc92895d5 IP Hash: eff8e7ca506627fe15dda5e0e512fcaad70b6d520f37cc76597fdb4f2d83a1a3
[2026-06-06 16:08:16] Connection: [chat] User: g_2ed0d25473f214ddc92895d5 IP Hash: eff8e7ca506627fe15dda5e0e512fcaad70b6d520f37cc76597fdb4f2d83a1a3
[2026-06-06 16:08:16] Connection: [arena-presence] User: g_2ed0d25473f214ddc92895d5 IP Hash: eff8e7ca506627fe15dda5e0e512fcaad70b6d520f37cc76597fdb4f2d83a1a3
[2026-06-06 16:08:36] Connection: [arena-presence] User: g_d7b4642f1a30340ca9063b34 IP Hash: eff8e7ca506627fe15dda5e0e512fcaad70b6d520f37cc76597fdb4f2d83a1a3
[2026-06-06 16:08:41] Connection: [chat] User: g_2ed0d25473f214ddc92895d5 IP Hash: eff8e7ca506627fe15dda5e0e512fcaad70b6d520f37cc76597fdb4f2d83a1a3
[2026-06-06 16:08:41] Connection: [arena-presence] User: g_2ed0d25473f214ddc92895d5 IP Hash: eff8e7ca506627fe15dda5e0e512fcaad70b6d520f37cc76597fdb4f2d83a1a3
[2026-06-06 16:09:01] Connection: [arena-presence] User: g_d7b4642f1a30340ca9063b34 IP Hash: eff8e7ca506627fe15dda5e0e512fcaad70b6d520f37cc76597fdb4f2d83a1a3
[2026-06-06 16:09:06] Connection: [chat] User: g_2ed0d25473f214ddc92895d5 IP Hash: eff8e7ca506627fe15dda5e0e512fcaad70b6d520f37cc76597fdb4f2d83a1a3
[2026-06-06 16:09:07] Connection: [arena-presence] User: g_2ed0d25473f214ddc92895d5 IP Hash: eff8e7ca506627fe15dda5e0e512fcaad70b6d520f37cc76597fdb4f2d83a1a3
[2026-06-06 16:09:26] Connection: [chat] User: g_d7b4642f1a30340ca9063b34 IP Hash: eff8e7ca506627fe15dda5e0e512fcaad70b6d520f37cc76597fdb4f2d83a1a3
[2026-06-06 16:09:26] Connection: [arena-presence] User: g_d7b4642f1a30340ca9063b34 IP Hash: eff8e7ca506627fe15dda5e0e512fcaad70b6d520f37cc76597fdb4f2d83a1a3
[2026-06-06 16:09:32] Connection: [chat] User: g_2ed0d25473f214ddc92895d5 IP Hash: eff8e7ca506627fe15dda5e0e512fcaad70b6d520f37cc76597fdb4f2d83a1a3
[2026-06-06 16:09:32] Connection: [arena-presence] User: g_2ed0d25473f214ddc92895d5 IP Hash: eff8e7ca506627fe15dda5e0e512fcaad70b6d520f37cc76597fdb4f2d83a1a3
[2026-06-06 16:09:51] Connection: [chat] User: g_d7b4642f1a30340ca9063b34 IP Hash: eff8e7ca506627fe15dda5e0e512fcaad70b6d520f37cc76597fdb4f2d83a1a3
[2026-06-06 16:09:51] Connection: [arena-presence] User: g_d7b4642f1a30340ca9063b34 IP Hash: eff8e7ca506627fe15dda5e0e512fcaad70b6d520f37cc76597fdb4f2d83a1a3
[2026-06-06 16:09:51] Connection: [chat] User: g_d7b4642f1a30340ca9063b34 IP Hash: eff8e7ca506627fe15dda5e0e512fcaad70b6d520f37cc76597fdb4f2d83a1a3
[2026-06-06 16:09:51] Connection: [arena-presence] User: g_d7b4642f1a30340ca9063b34 IP Hash: eff8e7ca506627fe15dda5e0e512fcaad70b6d520f37cc76597fdb4f2d83a1a3
[2026-06-06 16:09:57] Connection: [chat] User: g_2ed0d25473f214ddc92895d5 IP Hash: eff8e7ca506627fe15dda5e0e512fcaad70b6d520f37cc76597fdb4f2d83a1a3
[2026-06-06 16:09:57] Connection: [arena-presence] User: g_2ed0d25473f214ddc92895d5 IP Hash: eff8e7ca506627fe15dda5e0e512fcaad70b6d520f37cc76597fdb4f2d83a1a3
[2026-06-06 16:10:16] Connection: [arena-presence] User: g_d7b4642f1a30340ca9063b34 IP Hash: eff8e7ca506627fe15dda5e0e512fcaad70b6d520f37cc76597fdb4f2d83a1a3
[2026-06-06 16:10:22] Connection: [chat] User: g_2ed0d25473f214ddc92895d5 IP Hash: eff8e7ca506627fe15dda5e0e512fcaad70b6d520f37cc76597fdb4f2d83a1a3
[2026-06-06 16:10:22] Connection: [arena-presence] User: g_2ed0d25473f214ddc92895d5 IP Hash: eff8e7ca506627fe15dda5e0e512fcaad70b6d520f37cc76597fdb4f2d83a1a3
[2026-06-06 16:10:41] Connection: [arena-presence] User: g_d7b4642f1a30340ca9063b34 IP Hash: eff8e7ca506627fe15dda5e0e512fcaad70b6d520f37cc76597fdb4f2d83a1a3
[2026-06-06 16:10:47] Connection: [chat] User: g_2ed0d25473f214ddc92895d5 IP Hash: eff8e7ca506627fe15dda5e0e512fcaad70b6d520f37cc76597fdb4f2d83a1a3
[2026-06-06 16:10:47] Connection: [arena-presence] User: g_2ed0d25473f214ddc92895d5 IP Hash: eff8e7ca506627fe15dda5e0e512fcaad70b6d520f37cc76597fdb4f2d83a1a3
[2026-06-06 16:11:07] Connection: [arena-presence] User: g_d7b4642f1a30340ca9063b34 IP Hash: eff8e7ca506627fe15dda5e0e512fcaad70b6d520f37cc76597fdb4f2d83a1a3
[2026-06-06 16:11:12] Connection: [chat] User: g_2ed0d25473f214ddc92895d5 IP Hash: eff8e7ca506627fe15dda5e0e512fcaad70b6d520f37cc76597fdb4f2d83a1a3
[2026-06-06 16:11:12] Connection: [arena-presence] User: g_2ed0d25473f214ddc92895d5 IP Hash: eff8e7ca506627fe15dda5e0e512fcaad70b6d520f37cc76597fdb4f2d83a1a3
[2026-06-06 16:11:32] Connection: [arena-presence] User: g_d7b4642f1a30340ca9063b34 IP Hash: eff8e7ca506627fe15dda5e0e512fcaad70b6d520f37cc76597fdb4f2d83a1a3
[2026-06-06 16:11:37] Connection: [chat] User: g_2ed0d25473f214ddc92895d5 IP Hash: eff8e7ca506627fe15dda5e0e512fcaad70b6d520f37cc76597fdb4f2d83a1a3
[2026-06-06 16:11:37] Connection: [arena-presence] User: g_2ed0d25473f214ddc92895d5 IP Hash: eff8e7ca506627fe15dda5e0e512fcaad70b6d520f37cc76597fdb4f2d83a1a3
[2026-06-06 16:11:56] Connection: [chat] User: g_2ed0d25473f214ddc92895d5 IP Hash: eff8e7ca506627fe15dda5e0e512fcaad70b6d520f37cc76597fdb4f2d83a1a3
[2026-06-06 16:14:06] Connection: [arena-presence] User: g_2ed0d25473f214ddc92895d5 IP Hash: eff8e7ca506627fe15dda5e0e512fcaad70b6d520f37cc76597fdb4f2d83a1a3
[2026-06-06 16:14:24] Connection: [arena-presence] User: g_5a7a7bfe65f6c9e36bd49c1b IP Hash: eff8e7ca506627fe15dda5e0e512fcaad70b6d520f37cc76597fdb4f2d83a1a3
[2026-06-06 16:14:31] Connection: [arena-presence] User: g_2ed0d25473f214ddc92895d5 IP Hash: eff8e7ca506627fe15dda5e0e512fcaad70b6d520f37cc76597fdb4f2d83a1a3
[2026-06-06 16:14:49] Connection: [arena-presence] User: g_5a7a7bfe65f6c9e36bd49c1b IP Hash: eff8e7ca506627fe15dda5e0e512fcaad70b6d520f37cc76597fdb4f2d83a1a3
[2026-06-06 16:14:56] Connection: [arena-presence] User: g_2ed0d25473f214ddc92895d5 IP Hash: eff8e7ca506627fe15dda5e0e512fcaad70b6d520f37cc76597fdb4f2d83a1a3
[2026-06-06 16:15:14] Connection: [chat] User: g_5a7a7bfe65f6c9e36bd49c1b IP Hash: eff8e7ca506627fe15dda5e0e512fcaad70b6d520f37cc76597fdb4f2d83a1a3
[2026-06-06 16:15:21] Connection: [arena-presence] User: g_2ed0d25473f214ddc92895d5 IP Hash: eff8e7ca506627fe15dda5e0e512fcaad70b6d520f37cc76597fdb4f2d83a1a3
[2026-06-06 16:15:21] Connection: [chat] User: g_2ed0d25473f214ddc92895d5 IP Hash: eff8e7ca506627fe15dda5e0e512fcaad70b6d520f37cc76597fdb4f2d83a1a3
[2026-06-06 16:15:21] Connection: [arena-presence] User: g_2ed0d25473f214ddc92895d5 IP Hash: eff8e7ca506627fe15dda5e0e512fcaad70b6d520f37cc76597fdb4f2d83a1a3
[2026-06-06 16:15:21] Connection: [chat] User: g_5a7a7bfe65f6c9e36bd49c1b IP Hash: eff8e7ca506627fe15dda5e0e512fcaad70b6d520f37cc76597fdb4f2d83a1a3
[2026-06-06 16:15:21] Connection: [chat] User: g_5a7a7bfe65f6c9e36bd49c1b IP Hash: eff8e7ca506627fe15dda5e0e512fcaad70b6d520f37cc76597fdb4f2d83a1a3
[2026-06-06 16:15:21] Connection: [arena-presence] User: g_5a7a7bfe65f6c9e36bd49c1b IP Hash: eff8e7ca506627fe15dda5e0e512fcaad70b6d520f37cc76597fdb4f2d83a1a3
[2026-06-06 16:15:46] Connection: [chat] User: g_5a7a7bfe65f6c9e36bd49c1b IP Hash: eff8e7ca506627fe15dda5e0e512fcaad70b6d520f37cc76597fdb4f2d83a1a3
[2026-06-06 16:15:46] Connection: [chat] User: g_5a7a7bfe65f6c9e36bd49c1b IP Hash: eff8e7ca506627fe15dda5e0e512fcaad70b6d520f37cc76597fdb4f2d83a1a3
[2026-06-06 16:15:46] Connection: [arena-presence] User: g_5a7a7bfe65f6c9e36bd49c1b IP Hash: eff8e7ca506627fe15dda5e0e512fcaad70b6d520f37cc76597fdb4f2d83a1a3
[2026-06-06 16:15:46] Connection: [arena-presence] User: g_2ed0d25473f214ddc92895d5 IP Hash: eff8e7ca506627fe15dda5e0e512fcaad70b6d520f37cc76597fdb4f2d83a1a3
[2026-06-06 16:16:11] Connection: [arena-presence] User: g_5a7a7bfe65f6c9e36bd49c1b IP Hash: eff8e7ca506627fe15dda5e0e512fcaad70b6d520f37cc76597fdb4f2d83a1a3
[2026-06-06 16:16:11] Connection: [arena-presence] User: g_2ed0d25473f214ddc92895d5 IP Hash: eff8e7ca506627fe15dda5e0e512fcaad70b6d520f37cc76597fdb4f2d83a1a3
[2026-06-06 16:16:36] Connection: [chat] User: g_5a7a7bfe65f6c9e36bd49c1b IP Hash: eff8e7ca506627fe15dda5e0e512fcaad70b6d520f37cc76597fdb4f2d83a1a3
[2026-06-06 16:16:36] Connection: [chat] User: g_5a7a7bfe65f6c9e36bd49c1b IP Hash: eff8e7ca506627fe15dda5e0e512fcaad70b6d520f37cc76597fdb4f2d83a1a3
[2026-06-06 16:16:36] Connection: [chat] User: g_5a7a7bfe65f6c9e36bd49c1b IP Hash: eff8e7ca506627fe15dda5e0e512fcaad70b6d520f37cc76597fdb4f2d83a1a3
[2026-06-06 16:16:37] Connection: [arena-presence] User: g_2ed0d25473f214ddc92895d5 IP Hash: eff8e7ca506627fe15dda5e0e512fcaad70b6d520f37cc76597fdb4f2d83a1a3
[2026-06-06 16:17:02] Connection: [arena-presence] User: g_2ed0d25473f214ddc92895d5 IP Hash: eff8e7ca506627fe15dda5e0e512fcaad70b6d520f37cc76597fdb4f2d83a1a3
